VERIFY RUN START: 1970-01-01T00:00:00.019Z
TASK: AFP-W0-STEP5-MUTATION
PWD: /Volumes/BigSSD4/nathanielschmiedehaus/Documents/WeatherVane
STATE_ROOT: /Volumes/BigSSD4/nathanielschmiedehaus/Documents/WeatherVane/state
NODE: v24.10.0
----------------------------------------
heartbeat=1762738409032
VERIFY RUN START: 1970-01-01T00:00:00.019Z
TASK: AFP-W0-STEP5-MUTATION
PWD: /Volumes/BigSSD4/nathanielschmiedehaus/Documents/WeatherVane
STATE_ROOT: /Volumes/BigSSD4/nathanielschmiedehaus/Documents/WeatherVane/state
NODE: v24.10.0
----------------------------------------
heartbeat=1762738409032
VERIFY RUN START: 1970-01-01T00:00:00.019Z
TASK: AFP-W0-STEP5-MUTATION
PWD: /Volumes/BigSSD4/nathanielschmiedehaus/Documents/WeatherVane
STATE_ROOT: /Volumes/BigSSD4/nathanielschmiedehaus/Documents/WeatherVane/state
NODE: v24.10.0
----------------------------------------
heartbeat=1762738409032
VERIFY RUN START: 1970-01-01T00:00:00.019Z
TASK: AFP-W0-STEP5-MUTATION
PWD: /Volumes/BigSSD4/nathanielschmiedehaus/Documents/WeatherVane
STATE_ROOT: /Volumes/BigSSD4/nathanielschmiedehaus/Documents/WeatherVane/state
NODE: v24.10.0
----------------------------------------
heartbeat=1762738409032
VERIFY RUN START: 1970-01-01T00:00:00.019Z
TASK: AFP-W0-STEP5-MUTATION
PWD: /Volumes/BigSSD4/nathanielschmiedehaus/Documents/WeatherVane
STATE_ROOT: /Volumes/BigSSD4/nathanielschmiedehaus/Documents/WeatherVane/state
NODE: v24.10.0
----------------------------------------
heartbeat=1762738409032
SCAS: pass=true files=4 loc=4
